c:\users\eomjaewoong\documents\visual studio 2013\projects\chatserver\chatserver\x64\release\chatserver.pch
c:\users\eomjaewoong\documents\visual studio 2013\projects\chatserver\chatserver\x64\release\vc120.pdb
c:\users\eomjaewoong\documents\visual studio 2013\projects\chatserver\chatserver\x64\release\stdafx.obj
c:\users\eomjaewoong\documents\visual studio 2013\projects\chatserver\chatserver\x64\release\main.obj
c:\users\eomjaewoong\documents\visual studio 2013\projects\chatserver\chatserver\x64\release\_config.obj
c:\users\eomjaewoong\documents\visual studio 2013\projects\chatserver\chatserver\x64\release\profiler.obj
c:\users\eomjaewoong\documents\visual studio 2013\projects\chatserver\chatserver\x64\release\netserver.obj
c:\users\eomjaewoong\documents\visual studio 2013\projects\chatserver\chatserver\x64\release\npacket.obj
c:\users\eomjaewoong\documents\visual studio 2013\projects\chatserver\chatserver\x64\release\lanserver.obj
c:\users\eomjaewoong\documents\visual studio 2013\projects\chatserver\chatserver\x64\release\crashdump.obj
c:\users\eomjaewoong\documents\visual studio 2013\projects\chatserver\chatserver\x64\release\chatserver.obj
c:\users\eomjaewoong\documents\visual studio 2013\projects\chatserver\chatserver\x64\release\apihook.obj
c:\users\eomjaewoong\documents\visual studio 2013\projects\chatserver\x64\release\chatserver.exe
c:\users\eomjaewoong\documents\visual studio 2013\projects\chatserver\x64\release\chatserver.pdb
c:\users\eomjaewoong\documents\visual studio 2013\projects\chatserver\chatserver\x64\release\chatserver.tlog\cl.command.1.tlog
c:\users\eomjaewoong\documents\visual studio 2013\projects\chatserver\chatserver\x64\release\chatserver.tlog\cl.read.1.tlog
c:\users\eomjaewoong\documents\visual studio 2013\projects\chatserver\chatserver\x64\release\chatserver.tlog\cl.write.1.tlog
c:\users\eomjaewoong\documents\visual studio 2013\projects\chatserver\chatserver\x64\release\chatserver.tlog\link.command.1.tlog
c:\users\eomjaewoong\documents\visual studio 2013\projects\chatserver\chatserver\x64\release\chatserver.tlog\link.read.1.tlog
c:\users\eomjaewoong\documents\visual studio 2013\projects\chatserver\chatserver\x64\release\chatserver.tlog\link.write.1.tlog
